<?xml version="1.0" encoding="UTF-8"?>
<robot generator="Robot 4.1 (Python 3.9.6 on win32)" generated="20210922 11:47:57.360" rpa="false" schemaversion="2">
<suite id="s1" name="Flipkartmobile" source="E:\MobileAuto\TestCase\flipkartmobile.robot">
<test id="s1-t1" name="Open the Application">
<kw name="Launch Flipkart App" library="flipkartkeywords">
<kw name="Open Application" library="AppiumLibrary">
<arg>${Port_Number}</arg>
<arg>platformName=${Platform_Name}</arg>
<arg>deviceName=${Device_Name}</arg>
<arg>appPackage=${App_Package}</arg>
<arg>appActivity=${App_Activity}</arg>
<doc>Opens a new application to given Appium server.
Capabilities of appium server, Android and iOS,
Please check https://github.com/appium/appium/blob/master/docs/en/writing-running-appium/server-args.md
| *Option*            | *Man.* | *Description*     |
| remote_url          | Yes    | Appium server url |
| alias               | no     | alias             |</doc>
<status status="PASS" starttime="20210922 11:47:57.712" endtime="20210922 11:48:12.227"/>
</kw>
<status status="PASS" starttime="20210922 11:47:57.712" endtime="20210922 11:48:12.227"/>
</kw>
<status status="PASS" starttime="20210922 11:47:57.711" endtime="20210922 11:48:12.228"/>
</test>
<test id="s1-t2" name="User Setup and Login">
<kw name="Choose Language and Click on CONTINUE" library="flipkartkeywords">
<kw name="Wait for text on Screen" library="common">
<arg>Choose Language</arg>
<kw name="Wait Until Page Contains" library="AppiumLibrary">
<arg>${text}</arg>
<arg>timeout=10s</arg>
<doc>Waits until `text` appears on current page.</doc>
<status status="PASS" starttime="20210922 11:48:12.234" endtime="20210922 11:48:16.583"/>
</kw>
<status status="PASS" starttime="20210922 11:48:12.233" endtime="20210922 11:48:16.584"/>
</kw>
<kw name="Swipe By Percent" library="AppiumLibrary">
<arg>50</arg>
<arg>90</arg>
<arg>50</arg>
<arg>10</arg>
<doc>Swipe from one percent of the screen to another percent, for an optional duration.
Normal swipe fails to scale for different screen resolutions, this can be avoided using percent.</doc>
<status status="PASS" starttime="20210922 11:48:16.584" endtime="20210922 11:48:18.284"/>
</kw>
<kw name="Click Text" library="AppiumLibrary">
<arg>${Language}</arg>
<doc>Click text identified by ``text``.</doc>
<status status="PASS" starttime="20210922 11:48:18.284" endtime="20210922 11:48:18.558"/>
</kw>
<kw name="Click Text" library="AppiumLibrary">
<arg>${Continue}</arg>
<doc>Click text identified by ``text``.</doc>
<status status="PASS" starttime="20210922 11:48:18.558" endtime="20210922 11:48:19.987"/>
</kw>
<status status="PASS" starttime="20210922 11:48:12.232" endtime="20210922 11:48:19.987"/>
</kw>
<kw name="Omit Login and Click on Close button" library="flipkartkeywords">
<kw name="Wait for text on Screen" library="common">
<arg>${Select_None}</arg>
<kw name="Wait Until Page Contains" library="AppiumLibrary">
<arg>${text}</arg>
<arg>timeout=10s</arg>
<doc>Waits until `text` appears on current page.</doc>
<status status="PASS" starttime="20210922 11:48:19.991" endtime="20210922 11:48:27.044"/>
</kw>
<status status="PASS" starttime="20210922 11:48:19.989" endtime="20210922 11:48:27.045"/>
</kw>
<kw name="Click Text" library="AppiumLibrary">
<arg>${Select_None}</arg>
<doc>Click text identified by ``text``.</doc>
<status status="PASS" starttime="20210922 11:48:27.045" endtime="20210922 11:48:27.134"/>
</kw>
<kw name="Wait for Element on Screen" library="common">
<arg>${Login_Close_Button}</arg>
<kw name="Wait Until Page Contains Element" library="AppiumLibrary">
<arg>${element}</arg>
<arg>timeout=10s</arg>
<doc>Waits until element specified with `locator` appears on current page.</doc>
<status status="PASS" starttime="20210922 11:48:27.135" endtime="20210922 11:48:27.466"/>
</kw>
<status status="PASS" starttime="20210922 11:48:27.134" endtime="20210922 11:48:27.467"/>
</kw>
<kw name="Click Element" library="AppiumLibrary">
<arg>${Login_Close_Button}</arg>
<doc>Click element identified by `locator`.</doc>
<msg timestamp="20210922 11:48:27.476" level="INFO">Clicking element 'id=com.flipkart.android:id/custom_back_icon'.</msg>
<status status="PASS" starttime="20210922 11:48:27.467" endtime="20210922 11:48:29.195"/>
</kw>
<status status="PASS" starttime="20210922 11:48:19.988" endtime="20210922 11:48:29.195"/>
</kw>
<status status="PASS" starttime="20210922 11:48:12.231" endtime="20210922 11:48:29.196"/>
</test>
<test id="s1-t3" name="First Case">
<kw name="Enter the Flipkart Home Page and Click on Electronics Section" library="flipkartkeywords">
<kw name="Wait for Element on Screen" library="common">
<arg>${Electronic_Section}</arg>
<kw name="Wait Until Page Contains Element" library="AppiumLibrary">
<arg>${element}</arg>
<arg>timeout=10s</arg>
<doc>Waits until element specified with `locator` appears on current page.</doc>
<status status="PASS" starttime="20210922 11:48:29.201" endtime="20210922 11:48:37.575"/>
</kw>
<status status="PASS" starttime="20210922 11:48:29.200" endtime="20210922 11:48:37.575"/>
</kw>
<kw name="Click Element" library="AppiumLibrary">
<arg>${Electronic_Section}</arg>
<doc>Click element identified by `locator`.</doc>
<msg timestamp="20210922 11:48:37.580" level="INFO">Clicking element '//android.widget.ImageView[@bounds="[663,377][829,534]"]'.</msg>
<status status="PASS" starttime="20210922 11:48:37.576" endtime="20210922 11:48:40.915"/>
</kw>
<status status="PASS" starttime="20210922 11:48:29.199" endtime="20210922 11:48:40.916"/>
</kw>
<kw name="Swipe Down and Click on Mobiles Section" library="flipkartkeywords">
<kw name="Wait for Element on Screen" library="common">
<arg>${Computer_Icon}</arg>
<kw name="Wait Until Page Contains Element" library="AppiumLibrary">
<arg>${element}</arg>
<arg>timeout=10s</arg>
<doc>Waits until element specified with `locator` appears on current page.</doc>
<status status="PASS" starttime="20210922 11:48:40.919" endtime="20210922 11:48:48.333"/>
</kw>
<status status="PASS" starttime="20210922 11:48:40.918" endtime="20210922 11:48:48.333"/>
</kw>
<kw name="Swipe By Percent" library="AppiumLibrary">
<arg>50</arg>
<arg>80</arg>
<arg>50</arg>
<arg>10</arg>
<doc>Swipe from one percent of the screen to another percent, for an optional duration.
Normal swipe fails to scale for different screen resolutions, this can be avoided using percent.</doc>
<status status="PASS" starttime="20210922 11:48:48.334" endtime="20210922 11:48:50.377"/>
</kw>
<kw name="Wait for Element on Screen" library="common">
<arg>${Mobile_Row}</arg>
<kw name="Wait Until Page Contains Element" library="AppiumLibrary">
<arg>${element}</arg>
<arg>timeout=10s</arg>
<doc>Waits until element specified with `locator` appears on current page.</doc>
<status status="PASS" starttime="20210922 11:48:50.378" endtime="20210922 11:48:52.190"/>
</kw>
<status status="PASS" starttime="20210922 11:48:50.377" endtime="20210922 11:48:52.190"/>
</kw>
<kw name="Click Element" library="AppiumLibrary">
<arg>${Mobile_Icon_Xpath}</arg>
<doc>Click element identified by `locator`.</doc>
<msg timestamp="20210922 11:48:52.197" level="INFO">Clicking element '//android.view.ViewGroup[@index="6"]//android.widget.ImageView[@index="0"]'.</msg>
<status status="PASS" starttime="20210922 11:48:52.191" endtime="20210922 11:48:53.475"/>
</kw>
<status status="PASS" starttime="20210922 11:48:40.917" endtime="20210922 11:48:53.476"/>
</kw>
<kw name="In Mobile Section Click on POCO X3 Pro Section" library="flipkartkeywords">
<kw name="Wait for Element on Screen" library="common">
<arg>${New_Launch_Xpath}</arg>
<kw name="Wait Until Page Contains Element" library="AppiumLibrary">
<arg>${element}</arg>
<arg>timeout=10s</arg>
<doc>Waits until element specified with `locator` appears on current page.</doc>
<status status="PASS" starttime="20210922 11:48:53.478" endtime="20210922 11:48:59.123"/>
</kw>
<status status="PASS" starttime="20210922 11:48:53.477" endtime="20210922 11:48:59.123"/>
</kw>
<kw name="Click Element" library="AppiumLibrary">
<arg>${POCO_Section_Xpath}</arg>
<doc>Click element identified by `locator`.</doc>
<msg timestamp="20210922 11:48:59.130" level="INFO">Clicking element '//android.view.ViewGroup[@bounds="[360,956][720,1340]"]'.</msg>
<status status="PASS" starttime="20210922 11:48:59.124" endtime="20210922 11:49:01.725"/>
</kw>
<kw name="Wait for text on Screen" library="common">
<arg>NOT NOW</arg>
<kw name="Wait Until Page Contains" library="AppiumLibrary">
<arg>${text}</arg>
<arg>timeout=10s</arg>
<doc>Waits until `text` appears on current page.</doc>
<status status="PASS" starttime="20210922 11:49:01.726" endtime="20210922 11:49:03.977"/>
</kw>
<status status="PASS" starttime="20210922 11:49:01.725" endtime="20210922 11:49:03.978"/>
</kw>
<kw name="Click Text" library="AppiumLibrary">
<arg>NOT NOW</arg>
<doc>Click text identified by ``text``.</doc>
<status status="PASS" starttime="20210922 11:49:03.979" endtime="20210922 11:49:04.156"/>
</kw>
<status status="PASS" starttime="20210922 11:48:53.476" endtime="20210922 11:49:04.156"/>
</kw>
<kw name="Select POCO X3 Pro (Steel Blue, 128 GB) and Click on Add to Cart" library="flipkartkeywords">
<kw name="Wait for text on Screen" library="common">
<arg>${POCO_GOLDEN}</arg>
<kw name="Wait Until Page Contains" library="AppiumLibrary">
<arg>${text}</arg>
<arg>timeout=10s</arg>
<doc>Waits until `text` appears on current page.</doc>
<status status="PASS" starttime="20210922 11:49:04.159" endtime="20210922 11:49:06.249"/>
</kw>
<status status="PASS" starttime="20210922 11:49:04.158" endtime="20210922 11:49:06.249"/>
</kw>
<kw name="Swipe By Percent" library="AppiumLibrary">
<arg>50</arg>
<arg>90</arg>
<arg>50</arg>
<arg>7</arg>
<doc>Swipe from one percent of the screen to another percent, for an optional duration.
Normal swipe fails to scale for different screen resolutions, this can be avoided using percent.</doc>
<status status="PASS" starttime="20210922 11:49:06.249" endtime="20210922 11:49:07.898"/>
</kw>
<kw name="Click Text" library="AppiumLibrary">
<arg>${POCO_Steel_Blue}</arg>
<doc>Click text identified by ``text``.</doc>
<status status="PASS" starttime="20210922 11:49:07.899" endtime="20210922 11:49:08.078"/>
</kw>
<kw name="Wait for text on Screen" library="common">
<arg>${Add_Cart}</arg>
<kw name="Wait Until Page Contains" library="AppiumLibrary">
<arg>${text}</arg>
<arg>timeout=10s</arg>
<doc>Waits until `text` appears on current page.</doc>
<status status="PASS" starttime="20210922 11:49:08.078" endtime="20210922 11:49:12.082"/>
</kw>
<status status="PASS" starttime="20210922 11:49:08.078" endtime="20210922 11:49:12.082"/>
</kw>
<kw name="Click Text" library="AppiumLibrary">
<arg>${Add_Cart}</arg>
<doc>Click text identified by ``text``.</doc>
<status status="PASS" starttime="20210922 11:49:12.082" endtime="20210922 11:49:16.199"/>
</kw>
<status status="PASS" starttime="20210922 11:49:04.157" endtime="20210922 11:49:16.199"/>
</kw>
<status status="PASS" starttime="20210922 11:48:29.198" endtime="20210922 11:49:16.200"/>
</test>
<test id="s1-t4" name="Second Case">
<kw name="Click on Go To Cart Button" library="flipkartkeywords">
<kw name="Wait for text on Screen" library="common">
<arg>${Go_Cart}</arg>
<kw name="Wait Until Page Contains" library="AppiumLibrary">
<arg>${text}</arg>
<arg>timeout=10s</arg>
<doc>Waits until `text` appears on current page.</doc>
<status status="PASS" starttime="20210922 11:49:16.205" endtime="20210922 11:49:18.578"/>
</kw>
<status status="PASS" starttime="20210922 11:49:16.204" endtime="20210922 11:49:18.578"/>
</kw>
<kw name="Click Text" library="AppiumLibrary">
<arg>${Go_Cart}</arg>
<doc>Click text identified by ``text``.</doc>
<status status="PASS" starttime="20210922 11:49:18.578" endtime="20210922 11:49:22.266"/>
</kw>
<status status="PASS" starttime="20210922 11:49:16.203" endtime="20210922 11:49:22.266"/>
</kw>
<kw name="Verify if the item is present in the cart" library="flipkartkeywords">
<kw name="Wait for text on Screen" library="common">
<arg>${POCO_Steel_Blue}</arg>
<kw name="Wait Until Page Contains" library="AppiumLibrary">
<arg>${text}</arg>
<arg>timeout=10s</arg>
<doc>Waits until `text` appears on current page.</doc>
<status status="PASS" starttime="20210922 11:49:22.272" endtime="20210922 11:49:22.669"/>
</kw>
<status status="PASS" starttime="20210922 11:49:22.268" endtime="20210922 11:49:22.670"/>
</kw>
<kw name="Page Should Contain Text" library="AppiumLibrary">
<arg>${POCO_Steel_Blue}</arg>
<doc>Verifies that current page contains `text`.</doc>
<msg timestamp="20210922 11:49:26.781" level="INFO">Current page contains text 'POCO X3 Pro (Steel Blue, 128 GB)'.</msg>
<status status="PASS" starttime="20210922 11:49:22.672" endtime="20210922 11:49:26.781"/>
</kw>
<status status="PASS" starttime="20210922 11:49:22.267" endtime="20210922 11:49:26.781"/>
</kw>
<status status="PASS" starttime="20210922 11:49:16.202" endtime="20210922 11:49:26.782"/>
</test>
<status status="PASS" starttime="20210922 11:47:57.363" endtime="20210922 11:49:26.785"/>
</suite>
<statistics>
<total>
<stat pass="4" fail="0" skip="0">All Tests</stat>
</total>
<tag>
</tag>
<suite>
<stat pass="4" fail="0" skip="0" id="s1" name="Flipkartmobile">Flipkartmobile</stat>
</suite>
</statistics>
<errors>
</errors>
</robot>
